Start testing: Sep 27 09:56 CST
----------------------------------------------------------
1/6 Testing: copyright
1/6 Test: copyright
Command: "/usr/bin/python3.10" "-u" "/opt/ros/humble/share/ament_cmake_test/cmake/run_test.py" "/home/pi/ros2_ws/build/examples_rclcpp_minimal_service/test_results/examples_rclcpp_minimal_service/copyright.xunit.xml" "--package-name" "examples_rclcpp_minimal_service" "--output-file" "/home/pi/ros2_ws/build/examples_rclcpp_minimal_service/ament_copyright/copyright.txt" "--command" "/opt/ros/humble/bin/ament_copyright" "--xunit-file" "/home/pi/ros2_ws/build/examples_rclcpp_minimal_service/test_results/examples_rclcpp_minimal_service/copyright.xunit.xml"
Directory: /home/pi/ros2_ws/src/examples/rclcpp/services/minimal_service
"copyright" start time: Sep 27 09:56 CST
Output:
----------------------------------------------------------
-- run_test.py: invoking following command in '/home/pi/ros2_ws/src/examples/rclcpp/services/minimal_service':
 - /opt/ros/humble/bin/ament_copyright --xunit-file /home/pi/ros2_ws/build/examples_rclcpp_minimal_service/test_results/examples_rclcpp_minimal_service/copyright.xunit.xml
No problems found, checked 1 files
-- run_test.py: return code 0
-- run_test.py: verify result file '/home/pi/ros2_ws/build/examples_rclcpp_minimal_service/test_results/examples_rclcpp_minimal_service/copyright.xunit.xml'
<end of output>
Test time =   1.48 sec
----------------------------------------------------------
Test Passed.
"copyright" end time: Sep 27 09:56 CST
"copyright" time elapsed: 00:00:01
----------------------------------------------------------

2/6 Testing: cppcheck
2/6 Test: cppcheck
Command: "/usr/bin/python3.10" "-u" "/opt/ros/humble/share/ament_cmake_test/cmake/run_test.py" "/home/pi/ros2_ws/build/examples_rclcpp_minimal_service/test_results/examples_rclcpp_minimal_service/cppcheck.xunit.xml" "--package-name" "examples_rclcpp_minimal_service" "--output-file" "/home/pi/ros2_ws/build/examples_rclcpp_minimal_service/ament_cppcheck/cppcheck.txt" "--command" "/opt/ros/humble/bin/ament_cppcheck" "--xunit-file" "/home/pi/ros2_ws/build/examples_rclcpp_minimal_service/test_results/examples_rclcpp_minimal_service/cppcheck.xunit.xml"
Directory: /home/pi/ros2_ws/src/examples/rclcpp/services/minimal_service
"cppcheck" start time: Sep 27 09:56 CST
Output:
----------------------------------------------------------
-- run_test.py: invoking following command in '/home/pi/ros2_ws/src/examples/rclcpp/services/minimal_service':
 - /opt/ros/humble/bin/ament_cppcheck --xunit-file /home/pi/ros2_ws/build/examples_rclcpp_minimal_service/test_results/examples_rclcpp_minimal_service/cppcheck.xunit.xml
cppcheck 2.7 has known performance issues and therefore will not be used, set the AMENT_CPPCHECK_ALLOW_SLOW_VERSIONS environment variable to override this.
-- run_test.py: return code 0
-- run_test.py: verify result file '/home/pi/ros2_ws/build/examples_rclcpp_minimal_service/test_results/examples_rclcpp_minimal_service/cppcheck.xunit.xml'
<end of output>
Test time =   1.16 sec
----------------------------------------------------------
Test Passed.
"cppcheck" end time: Sep 27 09:56 CST
"cppcheck" time elapsed: 00:00:01
----------------------------------------------------------

3/6 Testing: cpplint
3/6 Test: cpplint
Command: "/usr/bin/python3.10" "-u" "/opt/ros/humble/share/ament_cmake_test/cmake/run_test.py" "/home/pi/ros2_ws/build/examples_rclcpp_minimal_service/test_results/examples_rclcpp_minimal_service/cpplint.xunit.xml" "--package-name" "examples_rclcpp_minimal_service" "--output-file" "/home/pi/ros2_ws/build/examples_rclcpp_minimal_service/ament_cpplint/cpplint.txt" "--command" "/opt/ros/humble/bin/ament_cpplint" "--xunit-file" "/home/pi/ros2_ws/build/examples_rclcpp_minimal_service/test_results/examples_rclcpp_minimal_service/cpplint.xunit.xml"
Directory: /home/pi/ros2_ws/src/examples/rclcpp/services/minimal_service
"cpplint" start time: Sep 27 09:56 CST
Output:
----------------------------------------------------------
-- run_test.py: invoking following command in '/home/pi/ros2_ws/src/examples/rclcpp/services/minimal_service':
 - /opt/ros/humble/bin/ament_cpplint --xunit-file /home/pi/ros2_ws/build/examples_rclcpp_minimal_service/test_results/examples_rclcpp_minimal_service/cpplint.xunit.xml
Using '--root=..' argument

Done processing /home/pi/ros2_ws/src/examples/rclcpp/services/minimal_service/main.cpp

No problems found
-- run_test.py: return code 0
-- run_test.py: verify result file '/home/pi/ros2_ws/build/examples_rclcpp_minimal_service/test_results/examples_rclcpp_minimal_service/cpplint.xunit.xml'
<end of output>
Test time =   1.18 sec
----------------------------------------------------------
Test Passed.
"cpplint" end time: Sep 27 09:56 CST
"cpplint" time elapsed: 00:00:01
----------------------------------------------------------

4/6 Testing: lint_cmake
4/6 Test: lint_cmake
Command: "/usr/bin/python3.10" "-u" "/opt/ros/humble/share/ament_cmake_test/cmake/run_test.py" "/home/pi/ros2_ws/build/examples_rclcpp_minimal_service/test_results/examples_rclcpp_minimal_service/lint_cmake.xunit.xml" "--package-name" "examples_rclcpp_minimal_service" "--output-file" "/home/pi/ros2_ws/build/examples_rclcpp_minimal_service/ament_lint_cmake/lint_cmake.txt" "--command" "/opt/ros/humble/bin/ament_lint_cmake" "--xunit-file" "/home/pi/ros2_ws/build/examples_rclcpp_minimal_service/test_results/examples_rclcpp_minimal_service/lint_cmake.xunit.xml"
Directory: /home/pi/ros2_ws/src/examples/rclcpp/services/minimal_service
"lint_cmake" start time: Sep 27 09:56 CST
Output:
----------------------------------------------------------
-- run_test.py: invoking following command in '/home/pi/ros2_ws/src/examples/rclcpp/services/minimal_service':
 - /opt/ros/humble/bin/ament_lint_cmake --xunit-file /home/pi/ros2_ws/build/examples_rclcpp_minimal_service/test_results/examples_rclcpp_minimal_service/lint_cmake.xunit.xml

No problems found
-- run_test.py: return code 0
-- run_test.py: verify result file '/home/pi/ros2_ws/build/examples_rclcpp_minimal_service/test_results/examples_rclcpp_minimal_service/lint_cmake.xunit.xml'
<end of output>
Test time =   0.99 sec
----------------------------------------------------------
Test Passed.
"lint_cmake" end time: Sep 27 09:57 CST
"lint_cmake" time elapsed: 00:00:00
----------------------------------------------------------

5/6 Testing: uncrustify
5/6 Test: uncrustify
Command: "/usr/bin/python3.10" "-u" "/opt/ros/humble/share/ament_cmake_test/cmake/run_test.py" "/home/pi/ros2_ws/build/examples_rclcpp_minimal_service/test_results/examples_rclcpp_minimal_service/uncrustify.xunit.xml" "--package-name" "examples_rclcpp_minimal_service" "--output-file" "/home/pi/ros2_ws/build/examples_rclcpp_minimal_service/ament_uncrustify/uncrustify.txt" "--command" "/opt/ros/humble/bin/ament_uncrustify" "--xunit-file" "/home/pi/ros2_ws/build/examples_rclcpp_minimal_service/test_results/examples_rclcpp_minimal_service/uncrustify.xunit.xml"
Directory: /home/pi/ros2_ws/src/examples/rclcpp/services/minimal_service
"uncrustify" start time: Sep 27 09:57 CST
Output:
----------------------------------------------------------
-- run_test.py: invoking following command in '/home/pi/ros2_ws/src/examples/rclcpp/services/minimal_service':
 - /opt/ros/humble/bin/ament_uncrustify --xunit-file /home/pi/ros2_ws/build/examples_rclcpp_minimal_service/test_results/examples_rclcpp_minimal_service/uncrustify.xunit.xml
No code style divergence in file 'main.cpp'

No problems found
-- run_test.py: return code 0
-- run_test.py: verify result file '/home/pi/ros2_ws/build/examples_rclcpp_minimal_service/test_results/examples_rclcpp_minimal_service/uncrustify.xunit.xml'
<end of output>
Test time =   1.02 sec
----------------------------------------------------------
Test Passed.
"uncrustify" end time: Sep 27 09:57 CST
"uncrustify" time elapsed: 00:00:01
----------------------------------------------------------

6/6 Testing: xmllint
6/6 Test: xmllint
Command: "/usr/bin/python3.10" "-u" "/opt/ros/humble/share/ament_cmake_test/cmake/run_test.py" "/home/pi/ros2_ws/build/examples_rclcpp_minimal_service/test_results/examples_rclcpp_minimal_service/xmllint.xunit.xml" "--package-name" "examples_rclcpp_minimal_service" "--output-file" "/home/pi/ros2_ws/build/examples_rclcpp_minimal_service/ament_xmllint/xmllint.txt" "--command" "/opt/ros/humble/bin/ament_xmllint" "--xunit-file" "/home/pi/ros2_ws/build/examples_rclcpp_minimal_service/test_results/examples_rclcpp_minimal_service/xmllint.xunit.xml"
Directory: /home/pi/ros2_ws/src/examples/rclcpp/services/minimal_service
"xmllint" start time: Sep 27 09:57 CST
Output:
----------------------------------------------------------
-- run_test.py: invoking following command in '/home/pi/ros2_ws/src/examples/rclcpp/services/minimal_service':
 - /opt/ros/humble/bin/ament_xmllint --xunit-file /home/pi/ros2_ws/build/examples_rclcpp_minimal_service/test_results/examples_rclcpp_minimal_service/xmllint.xunit.xml
File 'package.xml' is valid

No problems found
-- run_test.py: return code 0
-- run_test.py: verify result file '/home/pi/ros2_ws/build/examples_rclcpp_minimal_service/test_results/examples_rclcpp_minimal_service/xmllint.xunit.xml'
<end of output>
Test time =   1.50 sec
----------------------------------------------------------
Test Passed.
"xmllint" end time: Sep 27 09:57 CST
"xmllint" time elapsed: 00:00:01
----------------------------------------------------------

End testing: Sep 27 09:57 CST

copyright =   1.48 sec*proc

cppcheck =   1.16 sec*proc

cpplint =   1.18 sec*proc

lint_cmake =   0.99 sec*proc

linter =   7.33 sec*proc

uncrustify =   1.02 sec*proc

xmllint =   1.50 sec*proc

