<?xml version="1.0" encoding="utf-8"?><testsuites><testsuite name="pytest" errors="0" failures="0" skipped="0" tests="3" time="3.093" timestamp="2022-09-27T09:57:20.993843" hostname="rospi4b"><testcase classname="examples_rclpy_minimal_client.services.minimal_client.test.test_copyright" name="test_copyright" time="1.695" /><testcase classname="examples_rclpy_minimal_client.services.minimal_client.test.test_flake8" name="test_flake8" time="0.686" /><testcase classname="examples_rclpy_minimal_client.services.minimal_client.test.test_pep257" name="test_pep257" time="0.171" /></testsuite></testsuites>