Start testing: Sep 27 09:57 CST
----------------------------------------------------------
1/6 Testing: copyright
1/6 Test: copyright
Command: "/usr/bin/python3.10" "-u" "/opt/ros/humble/share/ament_cmake_test/cmake/run_test.py" "/home/pi/ros2_ws/build/examples_rclcpp_minimal_subscriber/test_results/examples_rclcpp_minimal_subscriber/copyright.xunit.xml" "--package-name" "examples_rclcpp_minimal_subscriber" "--output-file" "/home/pi/ros2_ws/build/examples_rclcpp_minimal_subscriber/ament_copyright/copyright.txt" "--command" "/opt/ros/humble/bin/ament_copyright" "--xunit-file" "/home/pi/ros2_ws/build/examples_rclcpp_minimal_subscriber/test_results/examples_rclcpp_minimal_subscriber/copyright.xunit.xml"
Directory: /home/pi/ros2_ws/src/examples/rclcpp/topics/minimal_subscriber
"copyright" start time: Sep 27 09:57 CST
Output:
----------------------------------------------------------
-- run_test.py: invoking following command in '/home/pi/ros2_ws/src/examples/rclcpp/topics/minimal_subscriber':
 - /opt/ros/humble/bin/ament_copyright --xunit-file /home/pi/ros2_ws/build/examples_rclcpp_minimal_subscriber/test_results/examples_rclcpp_minimal_subscriber/copyright.xunit.xml
No problems found, checked 10 files
-- run_test.py: return code 0
-- run_test.py: verify result file '/home/pi/ros2_ws/build/examples_rclcpp_minimal_subscriber/test_results/examples_rclcpp_minimal_subscriber/copyright.xunit.xml'
<end of output>
Test time =   2.93 sec
----------------------------------------------------------
Test Passed.
"copyright" end time: Sep 27 09:57 CST
"copyright" time elapsed: 00:00:02
----------------------------------------------------------

2/6 Testing: cppcheck
2/6 Test: cppcheck
Command: "/usr/bin/python3.10" "-u" "/opt/ros/humble/share/ament_cmake_test/cmake/run_test.py" "/home/pi/ros2_ws/build/examples_rclcpp_minimal_subscriber/test_results/examples_rclcpp_minimal_subscriber/cppcheck.xunit.xml" "--package-name" "examples_rclcpp_minimal_subscriber" "--output-file" "/home/pi/ros2_ws/build/examples_rclcpp_minimal_subscriber/ament_cppcheck/cppcheck.txt" "--command" "/opt/ros/humble/bin/ament_cppcheck" "--xunit-file" "/home/pi/ros2_ws/build/examples_rclcpp_minimal_subscriber/test_results/examples_rclcpp_minimal_subscriber/cppcheck.xunit.xml"
Directory: /home/pi/ros2_ws/src/examples/rclcpp/topics/minimal_subscriber
"cppcheck" start time: Sep 27 09:57 CST
Output:
----------------------------------------------------------
-- run_test.py: invoking following command in '/home/pi/ros2_ws/src/examples/rclcpp/topics/minimal_subscriber':
 - /opt/ros/humble/bin/ament_cppcheck --xunit-file /home/pi/ros2_ws/build/examples_rclcpp_minimal_subscriber/test_results/examples_rclcpp_minimal_subscriber/cppcheck.xunit.xml
cppcheck 2.7 has known performance issues and therefore will not be used, set the AMENT_CPPCHECK_ALLOW_SLOW_VERSIONS environment variable to override this.
-- run_test.py: return code 0
-- run_test.py: verify result file '/home/pi/ros2_ws/build/examples_rclcpp_minimal_subscriber/test_results/examples_rclcpp_minimal_subscriber/cppcheck.xunit.xml'
<end of output>
Test time =   1.03 sec
----------------------------------------------------------
Test Passed.
"cppcheck" end time: Sep 27 09:57 CST
"cppcheck" time elapsed: 00:00:01
----------------------------------------------------------

3/6 Testing: cpplint
3/6 Test: cpplint
Command: "/usr/bin/python3.10" "-u" "/opt/ros/humble/share/ament_cmake_test/cmake/run_test.py" "/home/pi/ros2_ws/build/examples_rclcpp_minimal_subscriber/test_results/examples_rclcpp_minimal_subscriber/cpplint.xunit.xml" "--package-name" "examples_rclcpp_minimal_subscriber" "--output-file" "/home/pi/ros2_ws/build/examples_rclcpp_minimal_subscriber/ament_cpplint/cpplint.txt" "--command" "/opt/ros/humble/bin/ament_cpplint" "--xunit-file" "/home/pi/ros2_ws/build/examples_rclcpp_minimal_subscriber/test_results/examples_rclcpp_minimal_subscriber/cpplint.xunit.xml"
Directory: /home/pi/ros2_ws/src/examples/rclcpp/topics/minimal_subscriber
"cpplint" start time: Sep 27 09:57 CST
Output:
----------------------------------------------------------
-- run_test.py: invoking following command in '/home/pi/ros2_ws/src/examples/rclcpp/topics/minimal_subscriber':
 - /opt/ros/humble/bin/ament_cpplint --xunit-file /home/pi/ros2_ws/build/examples_rclcpp_minimal_subscriber/test_results/examples_rclcpp_minimal_subscriber/cpplint.xunit.xml
Using '--root=..' argument

Done processing /home/pi/ros2_ws/src/examples/rclcpp/topics/minimal_subscriber/content_filtering.cpp

Done processing /home/pi/ros2_ws/src/examples/rclcpp/topics/minimal_subscriber/lambda.cpp

Done processing /home/pi/ros2_ws/src/examples/rclcpp/topics/minimal_subscriber/member_function.cpp

Done processing /home/pi/ros2_ws/src/examples/rclcpp/topics/minimal_subscriber/member_function_with_topic_statistics.cpp

Done processing /home/pi/ros2_ws/src/examples/rclcpp/topics/minimal_subscriber/member_function_with_type_adapter.cpp

Done processing /home/pi/ros2_ws/src/examples/rclcpp/topics/minimal_subscriber/member_function_with_unique_network_flow_endpoints.cpp

Done processing /home/pi/ros2_ws/src/examples/rclcpp/topics/minimal_subscriber/not_composable.cpp

Done processing /home/pi/ros2_ws/src/examples/rclcpp/topics/minimal_subscriber/static_wait_set_subscriber.cpp

Done processing /home/pi/ros2_ws/src/examples/rclcpp/topics/minimal_subscriber/time_triggered_wait_set_subscriber.cpp

Done processing /home/pi/ros2_ws/src/examples/rclcpp/topics/minimal_subscriber/wait_set_subscriber.cpp

No problems found
-- run_test.py: return code 0
-- run_test.py: verify result file '/home/pi/ros2_ws/build/examples_rclcpp_minimal_subscriber/test_results/examples_rclcpp_minimal_subscriber/cpplint.xunit.xml'
<end of output>
Test time =   1.96 sec
----------------------------------------------------------
Test Passed.
"cpplint" end time: Sep 27 09:57 CST
"cpplint" time elapsed: 00:00:01
----------------------------------------------------------

4/6 Testing: lint_cmake
4/6 Test: lint_cmake
Command: "/usr/bin/python3.10" "-u" "/opt/ros/humble/share/ament_cmake_test/cmake/run_test.py" "/home/pi/ros2_ws/build/examples_rclcpp_minimal_subscriber/test_results/examples_rclcpp_minimal_subscriber/lint_cmake.xunit.xml" "--package-name" "examples_rclcpp_minimal_subscriber" "--output-file" "/home/pi/ros2_ws/build/examples_rclcpp_minimal_subscriber/ament_lint_cmake/lint_cmake.txt" "--command" "/opt/ros/humble/bin/ament_lint_cmake" "--xunit-file" "/home/pi/ros2_ws/build/examples_rclcpp_minimal_subscriber/test_results/examples_rclcpp_minimal_subscriber/lint_cmake.xunit.xml"
Directory: /home/pi/ros2_ws/src/examples/rclcpp/topics/minimal_subscriber
"lint_cmake" start time: Sep 27 09:57 CST
Output:
----------------------------------------------------------
-- run_test.py: invoking following command in '/home/pi/ros2_ws/src/examples/rclcpp/topics/minimal_subscriber':
 - /opt/ros/humble/bin/ament_lint_cmake --xunit-file /home/pi/ros2_ws/build/examples_rclcpp_minimal_subscriber/test_results/examples_rclcpp_minimal_subscriber/lint_cmake.xunit.xml

No problems found
-- run_test.py: return code 0
-- run_test.py: verify result file '/home/pi/ros2_ws/build/examples_rclcpp_minimal_subscriber/test_results/examples_rclcpp_minimal_subscriber/lint_cmake.xunit.xml'
<end of output>
Test time =   1.04 sec
----------------------------------------------------------
Test Passed.
"lint_cmake" end time: Sep 27 09:57 CST
"lint_cmake" time elapsed: 00:00:01
----------------------------------------------------------

5/6 Testing: uncrustify
5/6 Test: uncrustify
Command: "/usr/bin/python3.10" "-u" "/opt/ros/humble/share/ament_cmake_test/cmake/run_test.py" "/home/pi/ros2_ws/build/examples_rclcpp_minimal_subscriber/test_results/examples_rclcpp_minimal_subscriber/uncrustify.xunit.xml" "--package-name" "examples_rclcpp_minimal_subscriber" "--output-file" "/home/pi/ros2_ws/build/examples_rclcpp_minimal_subscriber/ament_uncrustify/uncrustify.txt" "--command" "/opt/ros/humble/bin/ament_uncrustify" "--xunit-file" "/home/pi/ros2_ws/build/examples_rclcpp_minimal_subscriber/test_results/examples_rclcpp_minimal_subscriber/uncrustify.xunit.xml"
Directory: /home/pi/ros2_ws/src/examples/rclcpp/topics/minimal_subscriber
"uncrustify" start time: Sep 27 09:57 CST
Output:
----------------------------------------------------------
-- run_test.py: invoking following command in '/home/pi/ros2_ws/src/examples/rclcpp/topics/minimal_subscriber':
 - /opt/ros/humble/bin/ament_uncrustify --xunit-file /home/pi/ros2_ws/build/examples_rclcpp_minimal_subscriber/test_results/examples_rclcpp_minimal_subscriber/uncrustify.xunit.xml
No code style divergence in file 'content_filtering.cpp'

No code style divergence in file 'lambda.cpp'

No code style divergence in file 'member_function.cpp'

No code style divergence in file 'member_function_with_topic_statistics.cpp'

No code style divergence in file 'member_function_with_type_adapter.cpp'

No code style divergence in file 'member_function_with_unique_network_flow_endpoints.cpp'

No code style divergence in file 'not_composable.cpp'

No code style divergence in file 'static_wait_set_subscriber.cpp'

No code style divergence in file 'time_triggered_wait_set_subscriber.cpp'

No code style divergence in file 'wait_set_subscriber.cpp'

No problems found
-- run_test.py: return code 0
-- run_test.py: verify result file '/home/pi/ros2_ws/build/examples_rclcpp_minimal_subscriber/test_results/examples_rclcpp_minimal_subscriber/uncrustify.xunit.xml'
<end of output>
Test time =   1.21 sec
----------------------------------------------------------
Test Passed.
"uncrustify" end time: Sep 27 09:57 CST
"uncrustify" time elapsed: 00:00:01
----------------------------------------------------------

6/6 Testing: xmllint
6/6 Test: xmllint
Command: "/usr/bin/python3.10" "-u" "/opt/ros/humble/share/ament_cmake_test/cmake/run_test.py" "/home/pi/ros2_ws/build/examples_rclcpp_minimal_subscriber/test_results/examples_rclcpp_minimal_subscriber/xmllint.xunit.xml" "--package-name" "examples_rclcpp_minimal_subscriber" "--output-file" "/home/pi/ros2_ws/build/examples_rclcpp_minimal_subscriber/ament_xmllint/xmllint.txt" "--command" "/opt/ros/humble/bin/ament_xmllint" "--xunit-file" "/home/pi/ros2_ws/build/examples_rclcpp_minimal_subscriber/test_results/examples_rclcpp_minimal_subscriber/xmllint.xunit.xml"
Directory: /home/pi/ros2_ws/src/examples/rclcpp/topics/minimal_subscriber
"xmllint" start time: Sep 27 09:57 CST
Output:
----------------------------------------------------------
-- run_test.py: invoking following command in '/home/pi/ros2_ws/src/examples/rclcpp/topics/minimal_subscriber':
 - /opt/ros/humble/bin/ament_xmllint --xunit-file /home/pi/ros2_ws/build/examples_rclcpp_minimal_subscriber/test_results/examples_rclcpp_minimal_subscriber/xmllint.xunit.xml
File 'package.xml' is valid

No problems found
-- run_test.py: return code 0
-- run_test.py: verify result file '/home/pi/ros2_ws/build/examples_rclcpp_minimal_subscriber/test_results/examples_rclcpp_minimal_subscriber/xmllint.xunit.xml'
<end of output>
Test time =   1.43 sec
----------------------------------------------------------
Test Passed.
"xmllint" end time: Sep 27 09:57 CST
"xmllint" time elapsed: 00:00:01
----------------------------------------------------------

End testing: Sep 27 09:57 CST

copyright =   2.93 sec*proc

cppcheck =   1.03 sec*proc

cpplint =   1.96 sec*proc

lint_cmake =   1.04 sec*proc

linter =   9.62 sec*proc

uncrustify =   1.21 sec*proc

xmllint =   1.43 sec*proc

